
[info 2015/03/14 18:53:54.393 EDT <main> tid=0x1] Log opened with new distributed system connection.  View(creator=localhost(locator1:4932:locator)<v0>:38259, viewId=0, [localhost(locator1:4932:locator)<v0>:38259])

[info 2015/03/14 18:53:56.033 EDT <DM-MemberEventInvoker> tid=0x1e] A new member joined: localhost(server1:4933)<v1>:52223.  View(creator=localhost(locator1:4932:locator)<v0>:38259, viewId=1, [localhost(locator1:4932:locator)<v0>:38259, localhost(server1:4933)<v1>:52223])

[info 2015/03/14 18:53:57.059 EDT <Pooled High Priority Message Processor 1> tid=0x78] server summary: 1 cache servers with 0 client connections/current cache servers : localhost(server1:4933)<v1>:52223 

[info 2015/03/14 18:54:00.419 EDT <DM-MemberEventInvoker> tid=0x1e] A new member joined: localhost(server2:4934)<v2>:23225.  View(creator=localhost(locator1:4932:locator)<v0>:38259, viewId=2, [localhost(locator1:4932:locator)<v0>:38259, localhost(server1:4933)<v1>:52223, localhost(server2:4934)<v2>:23225])

[info 2015/03/14 18:54:01.465 EDT <Pooled High Priority Message Processor 1> tid=0x78] server summary: 2 cache servers with 0 client connections/current cache servers : localhost(server1:4933)<v1>:52223 localhost(server2:4934)<v2>:23225 

[info 2015/03/14 18:54:31.036 EDT <DM-MemberEventInvoker> tid=0x1e] A new member joined: localhost(server3:4963)<v3>:54649.  View(creator=localhost(locator1:4932:locator)<v0>:38259, viewId=3, [localhost(locator1:4932:locator)<v0>:38259, localhost(server1:4933)<v1>:52223, localhost(server2:4934)<v2>:23225, localhost(server3:4963)<v3>:54649])

[info 2015/03/14 18:54:32.058 EDT <Pooled High Priority Message Processor 2> tid=0x80] server summary: 3 cache servers with 0 client connections/current cache servers : localhost(server1:4933)<v1>:52223 localhost(server2:4934)<v2>:23225 localhost(server3:4963)<v3>:54649 

[info 2015/03/14 18:57:54.913 EDT <DM-MemberEventInvoker> tid=0x1e] A new member joined: localhost(4964)<v4>:41478.  View(creator=localhost(locator1:4932:locator)<v0>:38259, viewId=4, [localhost(locator1:4932:locator)<v0>:38259, localhost(server1:4933)<v1>:52223, localhost(server2:4934)<v2>:23225, localhost(server3:4963)<v3>:54649, localhost(4964)<v4>:41478])

[info 2015/03/14 18:57:55.988 EDT <Pooled High Priority Message Processor 2> tid=0x80] server summary: 4 cache servers with 0 client connections/current cache servers : localhost(4964)<v4>:41478 localhost(server1:4933)<v1>:52223 localhost(server2:4934)<v2>:23225 localhost(server3:4963)<v3>:54649 

[info 2015/03/14 19:00:34.546 EDT <DM-MemberEventInvoker> tid=0x1e] A new member joined: localhost(4985)<v6>:53419.  View(creator=localhost(locator1:4932:locator)<v0>:38259, viewId=6, [localhost(locator1:4932:locator)<v0>:38259, localhost(server1:4933)<v1>:52223, localhost(server2:4934)<v2>:23225, localhost(server3:4963)<v3>:54649, localhost(4985)<v6>:53419])

[info 2015/03/14 19:00:35.616 EDT <Pooled High Priority Message Processor 3> tid=0x97] server summary: 4 cache servers with 0 client connections/current cache servers : localhost(4985)<v6>:53419 localhost(server1:4933)<v1>:52223 localhost(server2:4934)<v2>:23225 localhost(server3:4963)<v3>:54649 

[info 2015/03/14 19:04:27.832 EDT <DM-MemberEventInvoker> tid=0x1e] A new member joined: localhost(5044)<v8>:30642.  View(creator=localhost(locator1:4932:locator)<v0>:38259, viewId=8, [localhost(locator1:4932:locator)<v0>:38259, localhost(server1:4933)<v1>:52223, localhost(server2:4934)<v2>:23225, localhost(server3:4963)<v3>:54649, localhost(5044)<v8>:30642])

[info 2015/03/14 19:04:28.900 EDT <Pooled High Priority Message Processor 2> tid=0x80] server summary: 4 cache servers with 0 client connections/current cache servers : localhost(5044)<v8>:30642 localhost(server1:4933)<v1>:52223 localhost(server2:4934)<v2>:23225 localhost(server3:4963)<v3>:54649 

[info 2015/04/01 15:01:41.729 EDT <main> tid=0x1] Log opened with new distributed system connection.  View(creator=localhost(locator1:63507:locator)<v0>:15651, viewId=0, [localhost(locator1:63507:locator)<v0>:15651])

[info 2015/04/01 15:01:43.585 EDT <DM-MemberEventInvoker> tid=0x1e] A new member joined: localhost(server1:63509)<v1>:34934.  View(creator=localhost(locator1:63507:locator)<v0>:15651, viewId=1, [localhost(locator1:63507:locator)<v0>:15651, localhost(server1:63509)<v1>:34934])

[info 2015/04/01 15:01:47.907 EDT <DM-MemberEventInvoker> tid=0x1e] A new member joined: localhost(server2:63510)<v4>:41747.  View(creator=localhost(locator1:63507:locator)<v0>:15651, viewId=4, [localhost(locator1:63507:locator)<v0>:15651, localhost(server2:63510)<v4>:41747])

[info 2015/04/01 15:03:49.794 EDT <main> tid=0x1] Log opened with new distributed system connection.  View(creator=localhost(locator1:63554:locator)<v0>:28009, viewId=0, [localhost(locator1:63554:locator)<v0>:28009])

[info 2015/04/01 15:03:51.904 EDT <DM-MemberEventInvoker> tid=0x1e] A new member joined: localhost(server1:63555)<v1>:42496.  View(creator=localhost(locator1:63554:locator)<v0>:28009, viewId=1, [localhost(locator1:63554:locator)<v0>:28009, localhost(server1:63555)<v1>:42496])

[info 2015/04/01 15:03:56.191 EDT <DM-MemberEventInvoker> tid=0x1e] A new member joined: localhost(server2:63556)<v4>:40297.  View(creator=localhost(locator1:63554:locator)<v0>:28009, viewId=4, [localhost(locator1:63554:locator)<v0>:28009, localhost(server2:63556)<v4>:40297])

[info 2015/04/01 15:07:04.832 EDT <DM-MemberEventInvoker> tid=0x1e] A new member joined: localhost(server1:63583)<v7>:62424.  View(creator=localhost(locator1:63554:locator)<v0>:28009, viewId=7, [localhost(locator1:63554:locator)<v0>:28009, localhost(server1:63583)<v7>:62424])

[info 2015/04/01 15:07:09.307 EDT <DM-MemberEventInvoker> tid=0x1e] A new member joined: localhost(server2:63584)<v9>:61656.  View(creator=localhost(locator1:63554:locator)<v0>:28009, viewId=9, [localhost(locator1:63554:locator)<v0>:28009, localhost(server2:63584)<v9>:61656])

[info 2015/04/01 15:15:21.703 EDT <DM-MemberEventInvoker> tid=0x1e] A new member joined: localhost(server1:63674)<v12>:58476.  View(creator=localhost(locator1:63554:locator)<v0>:28009, viewId=12, [localhost(locator1:63554:locator)<v0>:28009, localhost(server1:63674)<v12>:58476])

[info 2015/04/01 15:15:26.160 EDT <DM-MemberEventInvoker> tid=0x1e] A new member joined: localhost(server2:63675)<v15>:56662.  View(creator=localhost(locator1:63554:locator)<v0>:28009, viewId=15, [localhost(locator1:63554:locator)<v0>:28009, localhost(server2:63675)<v15>:56662])

[info 2015/04/01 15:18:26.858 EDT <DM-MemberEventInvoker> tid=0x1e] A new member joined: localhost(server1:63710)<v18>:18791.  View(creator=localhost(locator1:63554:locator)<v0>:28009, viewId=18, [localhost(locator1:63554:locator)<v0>:28009, localhost(server1:63710)<v18>:18791])

[info 2015/04/01 15:18:31.389 EDT <DM-MemberEventInvoker> tid=0x1e] A new member joined: localhost(server2:63714)<v21>:27985.  View(creator=localhost(locator1:63554:locator)<v0>:28009, viewId=21, [localhost(locator1:63554:locator)<v0>:28009, localhost(server2:63714)<v21>:27985])

[info 2015/04/01 15:20:46.509 EDT <main> tid=0x1] Log opened with new distributed system connection.  View(creator=localhost(locator1:63755:locator)<v0>:55817, viewId=0, [localhost(locator1:63755:locator)<v0>:55817])

[info 2015/04/01 15:20:48.408 EDT <DM-MemberEventInvoker> tid=0x1e] A new member joined: localhost(server1:63757)<v1>:8006.  View(creator=localhost(locator1:63755:locator)<v0>:55817, viewId=1, [localhost(locator1:63755:locator)<v0>:55817, localhost(server1:63757)<v1>:8006])

[info 2015/04/01 15:20:52.750 EDT <DM-MemberEventInvoker> tid=0x1e] A new member joined: localhost(server2:63758)<v4>:57332.  View(creator=localhost(locator1:63755:locator)<v0>:55817, viewId=4, [localhost(locator1:63755:locator)<v0>:55817, localhost(server2:63758)<v4>:57332])

[info 2015/04/01 15:22:38.569 EDT <main> tid=0x1] Log opened with new distributed system connection.  View(creator=localhost(locator1:63798:locator)<v0>:28349, viewId=0, [localhost(locator1:63798:locator)<v0>:28349])

[info 2015/04/01 15:22:40.636 EDT <DM-MemberEventInvoker> tid=0x1e] A new member joined: localhost(server1:63799)<v1>:56445.  View(creator=localhost(locator1:63798:locator)<v0>:28349, viewId=1, [localhost(locator1:63798:locator)<v0>:28349, localhost(server1:63799)<v1>:56445])

[info 2015/04/01 15:22:41.705 EDT <Pooled High Priority Message Processor 1> tid=0x7a] server summary: 1 cache servers with 0 client connections/current cache servers : localhost(server1:63799)<v1>:56445 

[info 2015/04/01 15:22:44.991 EDT <DM-MemberEventInvoker> tid=0x1e] A new member joined: localhost(server2:63800)<v2>:17368.  View(creator=localhost(locator1:63798:locator)<v0>:28349, viewId=2, [localhost(locator1:63798:locator)<v0>:28349, localhost(server1:63799)<v1>:56445, localhost(server2:63800)<v2>:17368])

[info 2015/04/01 15:25:08.037 EDT <main> tid=0x1] Log opened with new distributed system connection.  View(creator=localhost(locator1:63844:locator)<v0>:50532, viewId=0, [localhost(locator1:63844:locator)<v0>:50532])

[info 2015/04/01 15:25:10.002 EDT <DM-MemberEventInvoker> tid=0x1e] A new member joined: localhost(server1:63845)<v1>:51694.  View(creator=localhost(locator1:63844:locator)<v0>:50532, viewId=1, [localhost(locator1:63844:locator)<v0>:50532, localhost(server1:63845)<v1>:51694])

[info 2015/04/01 15:25:11.056 EDT <Pooled High Priority Message Processor 1> tid=0x7a] server summary: 1 cache servers with 0 client connections/current cache servers : localhost(server1:63845)<v1>:51694 

[info 2015/04/01 15:25:14.388 EDT <DM-MemberEventInvoker> tid=0x1e] A new member joined: localhost(server2:63846)<v2>:49951.  View(creator=localhost(locator1:63844:locator)<v0>:50532, viewId=2, [localhost(locator1:63844:locator)<v0>:50532, localhost(server1:63845)<v1>:51694, localhost(server2:63846)<v2>:49951])

[info 2015/04/01 15:25:15.541 EDT <Pooled High Priority Message Processor 1> tid=0x7a] server summary: 2 cache servers with 0 client connections/current cache servers : localhost(server1:63845)<v1>:51694 localhost(server2:63846)<v2>:49951 

[info 2015/04/01 15:43:31.615 EDT <main> tid=0x1] Log opened with new distributed system connection.  View(creator=localhost(locator1:63954:locator)<v0>:43490, viewId=0, [localhost(locator1:63954:locator)<v0>:43490])

[info 2015/04/01 15:43:33.580 EDT <DM-MemberEventInvoker> tid=0x1e] A new member joined: localhost(server1:64011)<v1>:38953.  View(creator=localhost(locator1:63954:locator)<v0>:43490, viewId=1, [localhost(locator1:63954:locator)<v0>:43490, localhost(server1:64011)<v1>:38953])

[info 2015/04/01 15:43:34.668 EDT <Pooled High Priority Message Processor 1> tid=0x7a] server summary: 1 cache servers with 0 client connections/current cache servers : localhost(server1:64011)<v1>:38953 

[info 2015/04/01 15:43:37.986 EDT <DM-MemberEventInvoker> tid=0x1e] A new member joined: localhost(server2:64012)<v2>:55211.  View(creator=localhost(locator1:63954:locator)<v0>:43490, viewId=2, [localhost(locator1:63954:locator)<v0>:43490, localhost(server1:64011)<v1>:38953, localhost(server2:64012)<v2>:55211])

[info 2015/04/01 15:43:39.271 EDT <Pooled High Priority Message Processor 1> tid=0x7a] server summary: 2 cache servers with 0 client connections/current cache servers : localhost(server1:64011)<v1>:38953 localhost(server2:64012)<v2>:55211 

[info 2015/04/01 22:13:47.910 EDT <main> tid=0x1] Log opened with new distributed system connection.  View(creator=localhost(locator1:65767:locator)<v0>:54366, viewId=0, [localhost(locator1:65767:locator)<v0>:54366])

[info 2015/04/01 22:13:49.860 EDT <DM-MemberEventInvoker> tid=0x1e] A new member joined: localhost(server1:65768)<v1>:3320.  View(creator=localhost(locator1:65767:locator)<v0>:54366, viewId=1, [localhost(locator1:65767:locator)<v0>:54366, localhost(server1:65768)<v1>:3320])

[info 2015/04/01 22:13:50.928 EDT <Pooled High Priority Message Processor 1> tid=0x7a] server summary: 1 cache servers with 0 client connections/current cache servers : localhost(server1:65768)<v1>:3320 

[info 2015/04/01 22:13:54.156 EDT <DM-MemberEventInvoker> tid=0x1e] A new member joined: localhost(server2:65769)<v2>:49131.  View(creator=localhost(locator1:65767:locator)<v0>:54366, viewId=2, [localhost(locator1:65767:locator)<v0>:54366, localhost(server1:65768)<v1>:3320, localhost(server2:65769)<v2>:49131])

[info 2015/04/01 22:13:55.203 EDT <Pooled High Priority Message Processor 2> tid=0x7f] server summary: 2 cache servers with 0 client connections/current cache servers : localhost(server1:65768)<v1>:3320 localhost(server2:65769)<v2>:49131 

[info 2015/04/01 22:15:07.508 EDT <main> tid=0x1] Log opened with new distributed system connection.  View(creator=localhost(locator1:65809:locator)<v0>:18317, viewId=0, [localhost(locator1:65809:locator)<v0>:18317])

[info 2015/04/01 22:15:09.578 EDT <DM-MemberEventInvoker> tid=0x1e] A new member joined: localhost(server1:65810)<v1>:58377.  View(creator=localhost(locator1:65809:locator)<v0>:18317, viewId=1, [localhost(locator1:65809:locator)<v0>:18317, localhost(server1:65810)<v1>:58377])

[info 2015/04/01 22:15:10.609 EDT <Pooled High Priority Message Processor 1> tid=0x7a] server summary: 1 cache servers with 0 client connections/current cache servers : localhost(server1:65810)<v1>:58377 

[info 2015/04/01 22:15:13.998 EDT <DM-MemberEventInvoker> tid=0x1e] A new member joined: localhost(server2:65811)<v2>:56495.  View(creator=localhost(locator1:65809:locator)<v0>:18317, viewId=2, [localhost(locator1:65809:locator)<v0>:18317, localhost(server1:65810)<v1>:58377, localhost(server2:65811)<v2>:56495])

[info 2015/04/01 22:15:15.099 EDT <Pooled High Priority Message Processor 2> tid=0x7f] server summary: 2 cache servers with 0 client connections/current cache servers : localhost(server1:65810)<v1>:58377 localhost(server2:65811)<v2>:56495 

[info 2015/04/01 23:00:27.936 EDT <main> tid=0x1] Log opened with new distributed system connection.  View(creator=localhost(locator1:66156:locator)<v0>:38987, viewId=0, [localhost(locator1:66156:locator)<v0>:38987])

[info 2015/04/01 23:00:30.006 EDT <DM-MemberEventInvoker> tid=0x1e] A new member joined: localhost(server1:66158)<v1>:17108.  View(creator=localhost(locator1:66156:locator)<v0>:38987, viewId=1, [localhost(locator1:66156:locator)<v0>:38987, localhost(server1:66158)<v1>:17108])

[info 2015/04/01 23:00:31.023 EDT <Pooled High Priority Message Processor 1> tid=0x7a] server summary: 1 cache servers with 0 client connections/current cache servers : localhost(server1:66158)<v1>:17108 

[info 2015/04/01 23:00:34.453 EDT <DM-MemberEventInvoker> tid=0x1e] A new member joined: localhost(server2:66159)<v2>:21652.  View(creator=localhost(locator1:66156:locator)<v0>:38987, viewId=2, [localhost(locator1:66156:locator)<v0>:38987, localhost(server1:66158)<v1>:17108, localhost(server2:66159)<v2>:21652])

[info 2015/04/01 23:00:35.495 EDT <Pooled High Priority Message Processor 2> tid=0x7f] server summary: 2 cache servers with 0 client connections/current cache servers : localhost(server1:66158)<v1>:17108 localhost(server2:66159)<v2>:21652 

[info 2015/04/01 23:07:11.160 EDT <main> tid=0x1] Log opened with new distributed system connection.  View(creator=localhost(locator1:66258:locator)<v0>:40494, viewId=0, [localhost(locator1:66258:locator)<v0>:40494])

[info 2015/04/01 23:07:13.318 EDT <DM-MemberEventInvoker> tid=0x1e] A new member joined: localhost(server1:66259)<v1>:64335.  View(creator=localhost(locator1:66258:locator)<v0>:40494, viewId=1, [localhost(locator1:66258:locator)<v0>:40494, localhost(server1:66259)<v1>:64335])

[info 2015/04/01 23:07:14.350 EDT <Pooled High Priority Message Processor 1> tid=0x7a] server summary: 1 cache servers with 0 client connections/current cache servers : localhost(server1:66259)<v1>:64335 

[info 2015/04/01 23:07:17.651 EDT <DM-MemberEventInvoker> tid=0x1e] A new member joined: localhost(server2:66260)<v2>:19115.  View(creator=localhost(locator1:66258:locator)<v0>:40494, viewId=2, [localhost(locator1:66258:locator)<v0>:40494, localhost(server1:66259)<v1>:64335, localhost(server2:66260)<v2>:19115])

[info 2015/04/01 23:07:18.745 EDT <Pooled High Priority Message Processor 1> tid=0x7a] server summary: 2 cache servers with 0 client connections/current cache servers : localhost(server1:66259)<v1>:64335 localhost(server2:66260)<v2>:19115 

[info 2015/04/01 23:38:35.395 EDT <main> tid=0x1] Log opened with new distributed system connection.  View(creator=localhost(locator1:66524:locator)<v0>:14869, viewId=0, [localhost(locator1:66524:locator)<v0>:14869])

[info 2015/04/01 23:38:37.622 EDT <DM-MemberEventInvoker> tid=0x1e] A new member joined: localhost(server1:66526)<v1>:59756.  View(creator=localhost(locator1:66524:locator)<v0>:14869, viewId=1, [localhost(locator1:66524:locator)<v0>:14869, localhost(server1:66526)<v1>:59756])

[info 2015/04/01 23:38:38.676 EDT <Pooled High Priority Message Processor 1> tid=0x7a] server summary: 1 cache servers with 0 client connections/current cache servers : localhost(server1:66526)<v1>:59756 

[info 2015/04/01 23:38:42.107 EDT <DM-MemberEventInvoker> tid=0x1e] A new member joined: localhost(server2:66527)<v2>:12582.  View(creator=localhost(locator1:66524:locator)<v0>:14869, viewId=2, [localhost(locator1:66524:locator)<v0>:14869, localhost(server1:66526)<v1>:59756, localhost(server2:66527)<v2>:12582])

[info 2015/04/01 23:38:43.209 EDT <Pooled High Priority Message Processor 2> tid=0x7f] server summary: 2 cache servers with 0 client connections/current cache servers : localhost(server1:66526)<v1>:59756 localhost(server2:66527)<v2>:12582 

[info 2015/04/01 23:42:57.527 EDT <main> tid=0x1] Log opened with new distributed system connection.  View(creator=localhost(locator1:66568:locator)<v0>:58587, viewId=0, [localhost(locator1:66568:locator)<v0>:58587])

[info 2015/04/01 23:42:59.620 EDT <DM-MemberEventInvoker> tid=0x1e] A new member joined: localhost(server1:66569)<v1>:42829.  View(creator=localhost(locator1:66568:locator)<v0>:58587, viewId=1, [localhost(locator1:66568:locator)<v0>:58587, localhost(server1:66569)<v1>:42829])

[info 2015/04/01 23:43:00.649 EDT <Pooled High Priority Message Processor 1> tid=0x7a] server summary: 1 cache servers with 0 client connections/current cache servers : localhost(server1:66569)<v1>:42829 

[info 2015/04/01 23:43:03.552 EDT <DM-MemberEventInvoker> tid=0x1e] A new member joined: localhost(server2:66570)<v2>:11955.  View(creator=localhost(locator1:66568:locator)<v0>:58587, viewId=2, [localhost(locator1:66568:locator)<v0>:58587, localhost(server1:66569)<v1>:42829, localhost(server2:66570)<v2>:11955])

[info 2015/04/01 23:43:04.693 EDT <Pooled High Priority Message Processor 2> tid=0x7f] server summary: 2 cache servers with 0 client connections/current cache servers : localhost(server1:66569)<v1>:42829 localhost(server2:66570)<v2>:11955 

[info 2015/04/01 23:47:36.770 EDT <main> tid=0x1] Log opened with new distributed system connection.  View(creator=localhost(locator1:66610:locator)<v0>:39966, viewId=0, [localhost(locator1:66610:locator)<v0>:39966])

[info 2015/04/01 23:47:38.849 EDT <DM-MemberEventInvoker> tid=0x1e] A new member joined: localhost(server1:66611)<v1>:4476.  View(creator=localhost(locator1:66610:locator)<v0>:39966, viewId=1, [localhost(locator1:66610:locator)<v0>:39966, localhost(server1:66611)<v1>:4476])

[info 2015/04/01 23:47:39.927 EDT <Pooled High Priority Message Processor 1> tid=0x7a] server summary: 1 cache servers with 0 client connections/current cache servers : localhost(server1:66611)<v1>:4476 

[info 2015/04/01 23:47:43.247 EDT <DM-MemberEventInvoker> tid=0x1e] A new member joined: localhost(server2:66612)<v2>:39350.  View(creator=localhost(locator1:66610:locator)<v0>:39966, viewId=2, [localhost(locator1:66610:locator)<v0>:39966, localhost(server1:66611)<v1>:4476, localhost(server2:66612)<v2>:39350])

[info 2015/04/01 23:47:44.390 EDT <Pooled High Priority Message Processor 1> tid=0x7a] server summary: 2 cache servers with 0 client connections/current cache servers : localhost(server1:66611)<v1>:4476 localhost(server2:66612)<v2>:39350 
